1.2385 	WARNING 	We strongly recommend you activate the PTB sound engine in PsychoPy prefs as the preferred audio engine. Its timing is vastly superior. Your prefs are currently set to use ['sounddevice', 'PTB', 'pyo', 'pygame'] (in that order).
5.0774 	EXP 	Created window1 = Window(allowGUI=True, allowStencil=False, args=UNKNOWN, autoLog=True, bitsMode=UNKNOWN, blendMode='avg', bpc=(8, 8, 8), color=array([0., 0., 0.]), colorSpace='rgb', depthBits=8, fullscr=<method-wrapper '__getattribute__' of attributeSetter object at 0x000001E6CD37BB20>, gamma=None, gammaErrorPolicy='raise', kwargs=UNKNOWN, lms=UNKNOWN, monitor=<psychopy.monitors.calibTools.Monitor object at 0x000001E6CD3E2310>, multiSample=False, name='window1', numSamples=2, pos=[768.0, 336.0], screen=1, size=array([1024,  768]), stencilBits=0, stereo=False, units='norm', useFBO=True, useRetina=False, viewOri=0.0, viewPos=None, viewScale=None, waitBlanking=True, winType='pyglet')
5.0775 	EXP 	window1: mouseVisible = True
5.0775 	EXP 	window1: recordFrameIntervals = False
5.1472 	EXP 	window1: recordFrameIntervals = True
5.2246 	EXP 	window1: recordFrameIntervals = False
5.9457 	EXP 	Created instructions = TextStim(__class__=<class 'psychopy.visual.text.TextStim'>, alignHoriz=method-wrapper(...), alignText='center', alignVert=method-wrapper(...), anchorHoriz='center', anchorVert='center', antialias=True, autoLog=True, bold=False, color='white', colorSpace='named', contrast=1.0, depth=0.0, flipHoriz=False, flipVert=False, font='Arial', fontFiles=[], height=1.0, italic=False, languageStyle='LTR', name='instructions', opacity=1.0, ori=0, pos=array([0., 0.]), rgb=array([255., 255., 255.]), text=str(...), units='norm', win=Window(...), wrapWidth=1)
5.9536 	EXP 	Created fixation = TextStim(__class__=<class 'psychopy.visual.text.TextStim'>, alignHoriz=method-wrapper(...), alignText='center', alignVert=method-wrapper(...), anchorHoriz='center', anchorVert='center', antialias=True, autoLog=True, bold=False, color='white', colorSpace='named', contrast=1.0, depth=0.0, flipHoriz=False, flipVert=False, font='Arial', fontFiles=[], height=1.0, italic=False, languageStyle='LTR', name='fixation', opacity=1.0, ori=0, pos=array([0., 0.]), rgb=array([255., 255., 255.]), text='+', units='norm', win=Window(...), wrapWidth=1)
5.9637 	EXP 	Created text = TextStim(__class__=<class 'psychopy.visual.text.TextStim'>, alignHoriz=method-wrapper(...), alignText='center', alignVert=method-wrapper(...), anchorHoriz='center', anchorVert='center', antialias=True, autoLog=True, bold=False, color='white', colorSpace='named', contrast=1.0, depth=-1.0, flipHoriz=False, flipVert=False, font='Arial', fontFiles=[], height=1.0, italic=False, languageStyle='LTR', name='text', opacity=1.0, ori=0, pos=array([0., 0.]), rgb=array([255., 255., 255.]), text='default text', units='norm', win=Window(...), wrapWidth=1)
5.9798 	EXP 	Created arrow_keys = TextStim(__class__=<class 'psychopy.visual.text.TextStim'>, alignHoriz=method-wrapper(...), alignText='center', alignVert=method-wrapper(...), anchorHoriz='center', anchorVert='center', antialias=True, autoLog=True, bold=False, color='white', colorSpace='named', contrast=1.0, depth=-3.0, flipHoriz=False, flipVert=False, font='Arial', fontFiles=[], height=1.0, italic=False, languageStyle='LTR', name='arrow_keys', opacity=1.0, ori=0, pos=array([ 0.  , -0.75]), rgb=array([255., 255., 255.]), text='<- non-words        words ->', units='norm', win=Window(...), wrapWidth=1)
6.0034 	EXP 	Created thank_you = TextStim(__class__=<class 'psychopy.visual.text.TextStim'>, alignHoriz=method-wrapper(...), alignText='center', alignVert=method-wrapper(...), anchorHoriz='center', anchorVert='center', antialias=True, autoLog=True, bold=False, color='white', colorSpace='named', contrast=1.0, depth=0.0, flipHoriz=False, flipVert=False, font='Arial', fontFiles=[], height=1.0, italic=False, languageStyle='LTR', name='thank_you', opacity=1.0, ori=0, pos=array([0., 0.]), rgb=array([255., 255., 255.]), text=str(...), units='norm', win=Window(...), wrapWidth=1)
6.1982 	EXP 	instructions: height = 0.5
6.1982 	EXP 	instructions: autoDraw = True
6.1982 	EXP 	instructions: text = 'In this task you will be required to judge whether a string of letters is a word or a non-word. Press left arrow key for non-words and right arrow key for words. Please respond as quickly as possible. Press space to continue.'
7.0623 	DATA 	Keypress: left
8.7219 	DATA 	Keypress: down
8.8881 	DATA 	Keypress: left
8.9642 	DATA 	Keypress: right
9.2202 	DATA 	Keypress: up
9.4642 	DATA 	Keypress: left
9.5892 	DATA 	Keypress: right
10.0879 	DATA 	Keypress: 1
10.2286 	DATA 	Keypress: 2
10.3522 	DATA 	Keypress: 3
10.9985 	DATA 	Keypress: 4
10.9987 	DATA 	Keypress: 5
11.6581 	DATA 	Keypress: 9
11.6923 	DATA 	Keypress: minus
11.9918 	DATA 	Keypress: 0
12.4018 	DATA 	Keypress: 7
12.4296 	DATA 	Keypress: 8
12.7629 	DATA 	Keypress: 5
12.7760 	DATA 	Keypress: r
12.8946 	DATA 	Keypress: lalt
13.4362 	DATA 	Keypress: s
13.4994 	DATA 	Keypress: d
13.5125 	DATA 	Mouse: Left button down, pos=(425,456)
13.6521 	DATA 	Mouse:  Left button up, pos=(425,456)
13.6658 	DATA 	Keypress: h
13.7144 	DATA 	Keypress: g
13.9088 	DATA 	Keypress: s
14.0351 	DATA 	Keypress: d
14.1655 	DATA 	Keypress: f
14.2143 	DATA 	Keypress: g
14.5200 	DATA 	Keypress: x
14.5201 	DATA 	Keypress: c
14.5328 	DATA 	Keypress: v
14.7473 	DATA 	Keypress: x
14.7683 	DATA 	Keypress: c
14.7685 	DATA 	Keypress: z
14.9642 	DATA 	Keypress: z
14.9777 	DATA 	Keypress: v
15.2203 	DATA 	Keypress: lshift
15.4290 	DATA 	Keypress: lshift
15.4576 	DATA 	Keypress: c
15.4711 	DATA 	Keypress: z
15.7006 	DATA 	Keypress: lshift
16.4027 	DATA 	Keypress: z
16.4161 	DATA 	Keypress: x
16.6511 	DATA 	Keypress: z
16.6512 	DATA 	Keypress: v
16.6786 	DATA 	Keypress: x
16.6787 	DATA 	Keypress: c
16.8818 	DATA 	Keypress: v
16.8957 	DATA 	Keypress: z
16.8960 	DATA 	Keypress: c
16.9086 	DATA 	Keypress: x
17.0755 	DATA 	Keypress: z
17.0897 	DATA 	Keypress: v
17.1031 	DATA 	Keypress: c
17.1034 	DATA 	Keypress: x
17.2702 	DATA 	Keypress: z
17.2704 	DATA 	Keypress: c
17.2705 	DATA 	Keypress: v
17.2840 	DATA 	Keypress: x
17.5752 	DATA 	Keypress: n
17.5890 	DATA 	Keypress: b
17.5892 	DATA 	Keypress: m
17.7763 	DATA 	Keypress: v
17.7765 	DATA 	Keypress: b
17.7905 	DATA 	Keypress: n
17.7907 	DATA 	Keypress: m
18.4019 	DATA 	Keypress: num_1
18.5607 	DATA 	Keypress: num_4
18.7219 	DATA 	Keypress: num_4
18.9088 	DATA 	Keypress: num_2
19.9856 	DATA 	Keypress: num_1
19.9860 	DATA 	Keypress: num_2
20.4365 	DATA 	Keypress: return
20.5651 	WARNING 	Got keycode {} but that code isn't yet known
20.5652 	WARNING 	Keypress was given unknown key code (110)
20.5688 	DATA 	Keypress: num_0
20.5689 	DATA 	Keypress: num_decimal
20.7107 	WARNING 	Got keycode {} but that code isn't yet known
20.7107 	WARNING 	Keypress was given unknown key code (110)
20.7150 	DATA 	Keypress: num_0
20.7152 	DATA 	Keypress: num_decimal
20.7288 	DATA 	Keypress: return
20.8603 	DATA 	Keypress: num_0
20.8606 	DATA 	Keypress: num_decimal
20.8692 	WARNING 	Got keycode {} but that code isn't yet known
20.8692 	WARNING 	Keypress was given unknown key code (110)
20.8733 	DATA 	Keypress: return
21.0130 	DATA 	Keypress: num_0
21.0227 	WARNING 	Got keycode {} but that code isn't yet known
21.0228 	WARNING 	Keypress was given unknown key code (110)
21.0267 	DATA 	Keypress: num_decimal
21.0269 	DATA 	Keypress: return
21.1795 	DATA 	Keypress: lctrl
21.3493 	WARNING 	Got keycode {} but that code isn't yet known
21.3494 	WARNING 	Keypress was given unknown key code (110)
21.3535 	DATA 	Keypress: num_decimal
21.3537 	DATA 	Keypress: num_0
21.5163 	WARNING 	Got keycode {} but that code isn't yet known
21.5163 	WARNING 	Keypress was given unknown key code (110)
21.5200 	DATA 	Keypress: num_decimal
21.5409 	DATA 	Keypress: num_0
21.6839 	WARNING 	Got keycode {} but that code isn't yet known
21.6839 	WARNING 	Keypress was given unknown key code (110)
21.6868 	DATA 	Keypress: num_decimal
21.7018 	DATA 	Keypress: return
21.7021 	DATA 	Keypress: num_0
21.8368 	WARNING 	Got keycode {} but that code isn't yet known
21.8368 	WARNING 	Keypress was given unknown key code (110)
21.8391 	DATA 	Keypress: num_decimal
21.8536 	DATA 	Keypress: return
21.8677 	DATA 	Keypress: num_0
22.0039 	WARNING 	Got keycode {} but that code isn't yet known
22.0039 	WARNING 	Keypress was given unknown key code (110)
22.0064 	DATA 	Keypress: num_decimal
22.0202 	DATA 	Keypress: return
22.0204 	DATA 	Keypress: num_0
22.2229 	DATA 	Keypress: escape
22.3801 	EXP 	window1: mouseVisible = True
